{"level":"info","ts":"2025-07-16T21:10:17.828+0300","msg":"page served successfully","service":"static","path":"/","filename":"index.html","app":"myApp"}
{"level":"info","ts":"2025-07-16T21:10:22.536+0300","msg":"page served successfully","service":"static","path":"/register","filename":"register.html","app":"myApp"}
{"level":"info","ts":"2025-07-16T21:10:40.945+0300","msg":"crypto params sent successfully","service":"encryption","prime":"FFFFFFFFFFFFFFFFC90FDAA22168C234C4C6628B80DC1CD1","generator":"2","app":"myApp"}
{"level":"info","ts":"2025-07-16T21:10:40.948+0300","msg":"shared key derived successfully","service":"encryption","key":"144206926389441119296476059320392677648013161658251217544","app":"myApp"}
{"level":"info","ts":"2025-07-16T21:10:40.948+0300","msg":"crypto params sent successfully","service":"auth","server_pub":"2576270163484457276488456917466383026406232635877725485081","app":"myApp"}
{"level":"info","ts":"2025-07-16T21:10:40.953+0300","msg":"data decrypted successfully","service":"encryption","length":"3","app":"myApp"}
{"level":"info","ts":"2025-07-16T21:10:40.953+0300","msg":"data decrypted successfully","service":"encryption","length":"3","app":"myApp"}
{"level":"info","ts":"2025-07-16T21:10:40.953+0300","msg":"data encrypted successfully","service":"encryption","length":"32","app":"myApp"}
{"level":"error","ts":"2025-07-16T21:10:40.990+0300","msg":"user already exists","service":"auth","username":"qwe","app":"myApp"}
{"level":"info","ts":"2025-07-16T21:10:54.353+0300","msg":"crypto params sent successfully","service":"encryption","prime":"FFFFFFFFFFFFFFFFC90FDAA22168C234C4C6628B80DC1CD1","generator":"2","app":"myApp"}
{"level":"info","ts":"2025-07-16T21:10:54.359+0300","msg":"shared key derived successfully","service":"encryption","key":"144206926389441119296476059320392677648013161658251217544","app":"myApp"}
{"level":"info","ts":"2025-07-16T21:10:54.359+0300","msg":"crypto params sent successfully","service":"auth","server_pub":"2576270163484457276488456917466383026406232635877725485081","app":"myApp"}
{"level":"info","ts":"2025-07-16T21:10:54.362+0300","msg":"data decrypted successfully","service":"encryption","length":"3","app":"myApp"}
{"level":"info","ts":"2025-07-16T21:10:54.362+0300","msg":"data decrypted successfully","service":"encryption","length":"3","app":"myApp"}
{"level":"info","ts":"2025-07-16T21:10:54.362+0300","msg":"data encrypted successfully","service":"encryption","length":"32","app":"myApp"}
{"level":"info","ts":"2025-07-16T21:10:54.375+0300","msg":"user authenticated","service":"auth","userID":"5f52c9bd-1619-456a-9fc6-c50f7fa4f81a","app":"myApp"}
{"level":"info","ts":"2025-07-16T21:10:54.380+0300","msg":"page served successfully","service":"static","path":"/fill-profile","filename":"fill-profile.html","app":"myApp"}
{"level":"info","ts":"2025-07-16T21:13:52.549+0300","msg":"crypto params sent successfully","service":"encryption","prime":"FFFFFFFFFFFFFFFFC90FDAA22168C234C4C6628B80DC1CD1","generator":"2","app":"myApp"}
{"level":"info","ts":"2025-07-16T21:13:52.554+0300","msg":"shared key derived successfully","service":"encryption","key":"144206926389441119296476059320392677648013161658251217544","app":"myApp"}
{"level":"info","ts":"2025-07-16T21:13:52.554+0300","msg":"crypto params sent successfully","service":"auth","server_pub":"2576270163484457276488456917466383026406232635877725485081","app":"myApp"}
{"level":"info","ts":"2025-07-16T21:13:52.557+0300","msg":"data decrypted successfully","service":"encryption","length":"3","app":"myApp"}
{"level":"info","ts":"2025-07-16T21:13:52.557+0300","msg":"data decrypted successfully","service":"encryption","length":"3","app":"myApp"}
{"level":"info","ts":"2025-07-16T21:13:52.557+0300","msg":"data encrypted successfully","service":"encryption","length":"32","app":"myApp"}
{"level":"error","ts":"2025-07-16T21:13:52.558+0300","msg":"user already exists","service":"auth","username":"cvb","app":"myApp"}
{"level":"info","ts":"2025-07-16T21:13:56.578+0300","msg":"crypto params sent successfully","service":"encryption","prime":"FFFFFFFFFFFFFFFFC90FDAA22168C234C4C6628B80DC1CD1","generator":"2","app":"myApp"}
{"level":"info","ts":"2025-07-16T21:13:56.583+0300","msg":"shared key derived successfully","service":"encryption","key":"144206926389441119296476059320392677648013161658251217544","app":"myApp"}
{"level":"info","ts":"2025-07-16T21:13:56.583+0300","msg":"crypto params sent successfully","service":"auth","server_pub":"2576270163484457276488456917466383026406232635877725485081","app":"myApp"}
{"level":"info","ts":"2025-07-16T21:13:56.589+0300","msg":"data decrypted successfully","service":"encryption","length":"3","app":"myApp"}
{"level":"info","ts":"2025-07-16T21:13:56.589+0300","msg":"data decrypted successfully","service":"encryption","length":"3","app":"myApp"}
{"level":"info","ts":"2025-07-16T21:13:56.589+0300","msg":"data encrypted successfully","service":"encryption","length":"32","app":"myApp"}
{"level":"info","ts":"2025-07-16T21:13:56.594+0300","msg":"user authenticated","service":"auth","userID":"8b193585-5391-477c-b462-14d782949ad9","app":"myApp"}
{"level":"info","ts":"2025-07-16T21:14:46.616+0300","msg":"crypto params sent successfully","service":"encryption","prime":"FFFFFFFFFFFFFFFFC90FDAA22168C234C4C6628B80DC1CD1","generator":"2","app":"myApp"}
{"level":"info","ts":"2025-07-16T21:14:46.620+0300","msg":"shared key derived successfully","service":"encryption","key":"144206926389441119296476059320392677648013161658251217544","app":"myApp"}
{"level":"info","ts":"2025-07-16T21:14:46.620+0300","msg":"crypto params sent successfully","service":"auth","server_pub":"2576270163484457276488456917466383026406232635877725485081","app":"myApp"}
{"level":"info","ts":"2025-07-16T21:14:46.623+0300","msg":"data decrypted successfully","service":"encryption","length":"3","app":"myApp"}
{"level":"info","ts":"2025-07-16T21:14:46.623+0300","msg":"data decrypted successfully","service":"encryption","length":"3","app":"myApp"}
{"level":"info","ts":"2025-07-16T21:14:46.623+0300","msg":"data encrypted successfully","service":"encryption","length":"32","app":"myApp"}
{"level":"info","ts":"2025-07-16T21:14:46.627+0300","msg":"user authenticated","service":"auth","userID":"37694e13-736d-4cae-b402-f93aa34a0861","app":"myApp"}
{"level":"info","ts":"2025-07-16T21:14:46.637+0300","msg":"page served successfully","service":"static","filename":"fill-profile.html","path":"/fill-profile","app":"myApp"}
{"level":"info","ts":"2025-07-16T21:15:14.523+0300","msg":"crypto params sent successfully","service":"encryption","prime":"FFFFFFFFFFFFFFFFC90FDAA22168C234C4C6628B80DC1CD1","generator":"2","app":"myApp"}
{"level":"info","ts":"2025-07-16T21:15:14.526+0300","msg":"shared key derived successfully","service":"encryption","key":"144206926389441119296476059320392677648013161658251217544","app":"myApp"}
{"level":"info","ts":"2025-07-16T21:15:14.526+0300","msg":"crypto params sent successfully","service":"auth","server_pub":"2576270163484457276488456917466383026406232635877725485081","app":"myApp"}
{"level":"info","ts":"2025-07-16T21:15:14.530+0300","msg":"data decrypted successfully","service":"encryption","length":"3","app":"myApp"}
{"level":"info","ts":"2025-07-16T21:15:14.530+0300","msg":"data decrypted successfully","service":"encryption","length":"3","app":"myApp"}
{"level":"info","ts":"2025-07-16T21:15:14.530+0300","msg":"data encrypted successfully","service":"encryption","length":"32","app":"myApp"}
{"level":"error","ts":"2025-07-16T21:15:14.530+0300","msg":"user already exists","service":"auth","username":"uio","app":"myApp"}
{"level":"info","ts":"2025-07-16T21:15:17.214+0300","msg":"page served successfully","service":"static","path":"/login","filename":"login.html","app":"myApp"}
{"level":"info","ts":"2025-07-16T21:15:19.670+0300","msg":"crypto params sent successfully","service":"encryption","prime":"FFFFFFFFFFFFFFFFC90FDAA22168C234C4C6628B80DC1CD1","generator":"2","app":"myApp"}
{"level":"info","ts":"2025-07-16T21:15:19.684+0300","msg":"shared key derived successfully","service":"encryption","key":"144206926389441119296476059320392677648013161658251217544","app":"myApp"}
{"level":"info","ts":"2025-07-16T21:15:19.685+0300","msg":"crypto params sent successfully","service":"auth","server_pub":"2576270163484457276488456917466383026406232635877725485081","app":"myApp"}
{"level":"info","ts":"2025-07-16T21:15:19.702+0300","msg":"data decrypted successfully","service":"encryption","length":"3","app":"myApp"}
{"level":"info","ts":"2025-07-16T21:15:19.702+0300","msg":"data decrypted successfully","service":"encryption","length":"3","app":"myApp"}
{"level":"info","ts":"2025-07-16T21:15:19.702+0300","msg":"data encrypted successfully","service":"encryption","length":"32","app":"myApp"}
{"level":"info","ts":"2025-07-16T21:15:19.705+0300","msg":"user authenticated","service":"auth","userID":"803ab2c9-9b32-4eca-a34c-029e30bc9d5f","app":"myApp"}
{"level":"info","ts":"2025-07-16T21:15:19.719+0300","msg":"page served successfully","service":"static","path":"/main","filename":"main.html","app":"myApp"}
{"level":"info","ts":"2025-07-17T18:15:58.442+0300","msg":"page served successfully","service":"static","path":"/","filename":"index.html"}
{"level":"info","ts":"2025-07-17T18:16:13.670+0300","msg":"page served successfully","service":"static","filename":"index.html","path":"/"}
{"level":"info","ts":"2025-07-17T18:20:15.507+0300","msg":"page served successfully","service":"static","path":"/","filename":"index.html"}
{"level":"info","ts":"2025-07-17T18:20:16.611+0300","msg":"page served successfully","service":"static","path":"/","filename":"index.html"}
{"level":"info","ts":"2025-07-17T18:20:17.423+0300","msg":"page served successfully","service":"static","path":"/","filename":"index.html"}
{"level":"info","ts":"2025-07-17T18:20:18.650+0300","msg":"page served successfully","service":"static","path":"/","filename":"index.html"}
{"level":"info","ts":"2025-07-17T18:22:02.696+0300","msg":"page served successfully","service":"static","path":"/","filename":"index.html"}
{"level":"info","ts":"2025-07-17T18:22:24.047+0300","msg":"page served successfully","service":"static","path":"/","filename":"index.html"}
{"level":"info","ts":"2025-07-17T18:23:42.796+0300","msg":"page served successfully","service":"static","path":"/","filename":"index.html"}
{"level":"info","ts":"2025-07-17T18:23:57.847+0300","msg":"page served successfully","service":"static","path":"/","filename":"index.html"}
{"level":"info","ts":"2025-07-17T18:23:59.070+0300","msg":"page served successfully","service":"static","path":"/","filename":"index.html"}
{"level":"info","ts":"2025-07-17T18:23:59.253+0300","msg":"page served successfully","service":"static","path":"/","filename":"index.html"}
{"level":"info","ts":"2025-07-17T18:23:59.708+0300","msg":"page served successfully","service":"static","path":"/","filename":"index.html"}
{"level":"info","ts":"2025-07-17T18:23:59.863+0300","msg":"page served successfully","service":"static","path":"/","filename":"index.html"}
{"level":"info","ts":"2025-07-17T18:24:00.037+0300","msg":"page served successfully","service":"static","path":"/","filename":"index.html"}
{"level":"info","ts":"2025-07-17T18:24:00.429+0300","msg":"page served successfully","service":"static","path":"/","filename":"index.html"}
{"level":"info","ts":"2025-07-17T18:24:00.633+0300","msg":"page served successfully","service":"static","path":"/","filename":"index.html"}
{"level":"info","ts":"2025-07-17T18:24:16.891+0300","msg":"page served successfully","service":"static","path":"/","filename":"index.html"}
{"level":"info","ts":"2025-07-17T18:24:17.540+0300","msg":"page served successfully","service":"static","filename":"index.html","path":"/"}
{"level":"info","ts":"2025-07-17T18:24:17.748+0300","msg":"page served successfully","service":"static","path":"/","filename":"index.html"}
{"level":"info","ts":"2025-07-17T18:24:17.904+0300","msg":"page served successfully","service":"static","path":"/","filename":"index.html"}
{"level":"info","ts":"2025-07-17T18:24:18.072+0300","msg":"page served successfully","service":"static","path":"/","filename":"index.html"}
{"level":"info","ts":"2025-07-17T18:24:18.268+0300","msg":"page served successfully","service":"static","path":"/","filename":"index.html"}
{"level":"info","ts":"2025-07-17T18:24:18.994+0300","msg":"page served successfully","service":"static","path":"/","filename":"index.html"}
{"level":"info","ts":"2025-07-17T18:25:27.543+0300","msg":"page served successfully","service":"static","path":"/","filename":"index.html"}
{"level":"info","ts":"2025-07-17T18:25:42.206+0300","msg":"page served successfully","service":"static","path":"/","filename":"index.html"}
{"level":"info","ts":"2025-07-17T18:26:41.241+0300","msg":"page served successfully","service":"static","filename":"index.html","path":"/"}
{"level":"info","ts":"2025-07-17T18:33:21.554+0300","msg":"page served successfully","service":"static","path":"/","filename":"index.html"}
{"level":"info","ts":"2025-07-17T18:33:58.950+0300","msg":"page served successfully","service":"static","path":"/","filename":"index.html"}
{"level":"info","ts":"2025-07-17T18:40:46.297+0300","msg":"page served successfully","service":"static","path":"/","filename":"index.html"}
{"level":"info","ts":"2025-07-17T18:42:09.432+0300","msg":"page served successfully","service":"static","filename":"register.html","path":"/register"}
{"level":"info","ts":"2025-07-17T18:42:16.726+0300","msg":"crypto params sent successfully","service":"encryption","prime":"FFFFFFFFFFFFFFFFC90FDAA22168C234C4C6628B80DC1CD1","generator":"2"}
{"level":"info","ts":"2025-07-17T18:42:16.732+0300","msg":"shared key derived successfully","service":"encryption","key":"144206926389441119296476059320392677648013161658251217544"}
{"level":"info","ts":"2025-07-17T18:42:16.732+0300","msg":"crypto params sent successfully","service":"auth","server_pub":"2576270163484457276488456917466383026406232635877725485081"}
{"level":"info","ts":"2025-07-17T18:42:16.740+0300","msg":"data decrypted successfully","service":"encryption","length":"3"}
{"level":"info","ts":"2025-07-17T18:42:16.740+0300","msg":"data decrypted successfully","service":"encryption","length":"3"}
{"level":"info","ts":"2025-07-17T18:42:16.740+0300","msg":"data encrypted successfully","service":"encryption","length":"32"}
{"level":"error","ts":"2025-07-17T18:42:16.741+0300","msg":"database query failed","service":"auth","details":"rpc error: code = Unknown desc = write failed: write tcp [::1]:41002->[::1]:5432: write: broken pipe","username":"qwe"}
{"level":"info","ts":"2025-07-17T18:43:42.124+0300","msg":"service session-service is in state IDLE","service":"healthcheck"}
{"level":"info","ts":"2025-07-17T18:43:47.123+0300","msg":"service session-service is in state TRANSIENT_FAILURE","service":"healthcheck"}
{"level":"info","ts":"2025-07-17T18:43:52.122+0300","msg":"service session-service is in state TRANSIENT_FAILURE","service":"healthcheck"}
{"level":"info","ts":"2025-07-17T18:43:57.122+0300","msg":"service session-service is in state TRANSIENT_FAILURE","service":"healthcheck"}
{"level":"info","ts":"2025-07-17T18:44:02.126+0300","msg":"service session-service is in state TRANSIENT_FAILURE","service":"healthcheck"}
{"level":"info","ts":"2025-07-17T18:44:07.127+0300","msg":"service session-service is in state TRANSIENT_FAILURE","service":"healthcheck"}
{"level":"info","ts":"2025-07-17T18:44:12.125+0300","msg":"service session-service is in state TRANSIENT_FAILURE","service":"healthcheck"}
{"level":"info","ts":"2025-07-17T18:44:17.126+0300","msg":"service session-service is in state TRANSIENT_FAILURE","service":"healthcheck"}
{"level":"info","ts":"2025-07-17T18:44:22.127+0300","msg":"service session-service is in state TRANSIENT_FAILURE","service":"healthcheck"}
{"level":"info","ts":"2025-07-17T18:44:27.125+0300","msg":"service session-service is in state TRANSIENT_FAILURE","service":"healthcheck"}
{"level":"info","ts":"2025-07-17T18:44:32.127+0300","msg":"service session-service is in state TRANSIENT_FAILURE","service":"healthcheck"}
{"level":"info","ts":"2025-07-17T18:44:37.126+0300","msg":"service session-service is in state TRANSIENT_FAILURE","service":"healthcheck"}
{"level":"info","ts":"2025-07-17T18:44:42.126+0300","msg":"service session-service is in state TRANSIENT_FAILURE","service":"healthcheck"}
{"level":"info","ts":"2025-07-17T18:44:47.126+0300","msg":"service session-service is in state TRANSIENT_FAILURE","service":"healthcheck"}
{"level":"info","ts":"2025-07-17T18:44:52.126+0300","msg":"service session-service is in state TRANSIENT_FAILURE","service":"healthcheck"}
{"level":"info","ts":"2025-07-17T18:45:03.968+0300","msg":"crypto params sent successfully","service":"encryption","prime":"FFFFFFFFFFFFFFFFC90FDAA22168C234C4C6628B80DC1CD1","generator":"2"}
{"level":"info","ts":"2025-07-17T18:45:03.971+0300","msg":"shared key derived successfully","service":"encryption","key":"144206926389441119296476059320392677648013161658251217544"}
{"level":"info","ts":"2025-07-17T18:45:03.971+0300","msg":"crypto params sent successfully","service":"auth","server_pub":"2576270163484457276488456917466383026406232635877725485081"}
{"level":"info","ts":"2025-07-17T18:45:03.975+0300","msg":"data decrypted successfully","service":"encryption","length":"3"}
{"level":"info","ts":"2025-07-17T18:45:03.975+0300","msg":"data decrypted successfully","service":"encryption","length":"3"}
{"level":"info","ts":"2025-07-17T18:45:03.975+0300","msg":"data encrypted successfully","service":"encryption","length":"32"}
{"level":"error","ts":"2025-07-17T18:45:03.975+0300","msg":"database query failed","service":"auth","details":"rpc error: code = Unknown desc = conn closed","username":"qwe"}
{"level":"info","ts":"2025-07-17T18:46:00.764+0300","msg":"crypto params sent successfully","service":"encryption","prime":"FFFFFFFFFFFFFFFFC90FDAA22168C234C4C6628B80DC1CD1","generator":"2"}
{"level":"info","ts":"2025-07-17T18:46:00.767+0300","msg":"shared key derived successfully","service":"encryption","key":"144206926389441119296476059320392677648013161658251217544"}
{"level":"info","ts":"2025-07-17T18:46:00.767+0300","msg":"crypto params sent successfully","service":"auth","server_pub":"2576270163484457276488456917466383026406232635877725485081"}
{"level":"info","ts":"2025-07-17T18:46:00.771+0300","msg":"data decrypted successfully","service":"encryption","length":"3"}
{"level":"info","ts":"2025-07-17T18:46:00.771+0300","msg":"data decrypted successfully","service":"encryption","length":"3"}
{"level":"info","ts":"2025-07-17T18:46:00.771+0300","msg":"data encrypted successfully","service":"encryption","length":"32"}
{"level":"error","ts":"2025-07-17T18:46:00.772+0300","msg":"database query failed","service":"auth","username":"qwe","details":"rpc error: code = Unknown desc = conn closed"}
{"level":"info","ts":"2025-07-17T18:48:50.668+0300","msg":"service user-service is in state IDLE","service":"healthcheck"}
{"level":"info","ts":"2025-07-17T18:48:53.554+0300","msg":"crypto params sent successfully","service":"encryption","generator":"2","prime":"FFFFFFFFFFFFFFFFC90FDAA22168C234C4C6628B80DC1CD1"}
{"level":"info","ts":"2025-07-17T18:48:53.560+0300","msg":"shared key derived successfully","service":"encryption","key":"144206926389441119296476059320392677648013161658251217544"}
{"level":"info","ts":"2025-07-17T18:48:53.560+0300","msg":"crypto params sent successfully","service":"auth","server_pub":"2576270163484457276488456917466383026406232635877725485081"}
{"level":"info","ts":"2025-07-17T18:48:53.569+0300","msg":"data decrypted successfully","service":"encryption","length":"3"}
{"level":"info","ts":"2025-07-17T18:48:53.569+0300","msg":"data decrypted successfully","service":"encryption","length":"3"}
{"level":"info","ts":"2025-07-17T18:48:53.569+0300","msg":"data encrypted successfully","service":"encryption","length":"32"}
{"level":"error","ts":"2025-07-17T18:48:53.573+0300","msg":"database query failed","service":"auth","details":"rpc error: code = Unknown desc = ERROR: INSERT has more expressions than target columns (SQLSTATE 42601)","username":"qwe"}
{"level":"info","ts":"2025-07-17T18:49:45.668+0300","msg":"service user-service is in state IDLE","service":"healthcheck"}
{"level":"info","ts":"2025-07-17T18:49:49.140+0300","msg":"crypto params sent successfully","service":"encryption","prime":"FFFFFFFFFFFFFFFFC90FDAA22168C234C4C6628B80DC1CD1","generator":"2"}
{"level":"info","ts":"2025-07-17T18:49:49.144+0300","msg":"shared key derived successfully","service":"encryption","key":"144206926389441119296476059320392677648013161658251217544"}
{"level":"info","ts":"2025-07-17T18:49:49.144+0300","msg":"crypto params sent successfully","service":"auth","server_pub":"2576270163484457276488456917466383026406232635877725485081"}
{"level":"info","ts":"2025-07-17T18:49:49.148+0300","msg":"data decrypted successfully","service":"encryption","length":"3"}
{"level":"info","ts":"2025-07-17T18:49:49.148+0300","msg":"data decrypted successfully","service":"encryption","length":"3"}
{"level":"info","ts":"2025-07-17T18:49:49.148+0300","msg":"data encrypted successfully","service":"encryption","length":"32"}
{"level":"info","ts":"2025-07-17T18:49:49.152+0300","msg":"user authenticated","service":"auth","userID":"3ac33a9e-7916-4c68-89bb-dd9dbe326ba7"}
{"level":"info","ts":"2025-07-17T18:49:49.160+0300","msg":"page served successfully","service":"static","path":"/fill-profile","filename":"fill-profile.html"}
{"level":"info","ts":"2025-07-17T18:49:57.635+0300","msg":"page served successfully","service":"static","path":"/","filename":"index.html"}
{"level":"info","ts":"2025-07-17T18:50:05.083+0300","msg":"page served successfully","service":"static","path":"/register","filename":"register.html"}
{"level":"info","ts":"2025-07-17T18:50:06.897+0300","msg":"page served successfully","service":"static","filename":"login.html","path":"/login"}
{"level":"info","ts":"2025-07-17T18:50:10.338+0300","msg":"crypto params sent successfully","service":"encryption","prime":"FFFFFFFFFFFFFFFFC90FDAA22168C234C4C6628B80DC1CD1","generator":"2"}
{"level":"info","ts":"2025-07-17T18:50:10.343+0300","msg":"shared key derived successfully","service":"encryption","key":"144206926389441119296476059320392677648013161658251217544"}
{"level":"info","ts":"2025-07-17T18:50:10.343+0300","msg":"crypto params sent successfully","service":"auth","server_pub":"2576270163484457276488456917466383026406232635877725485081"}
{"level":"info","ts":"2025-07-17T18:50:10.348+0300","msg":"data decrypted successfully","service":"encryption","length":"3"}
{"level":"info","ts":"2025-07-17T18:50:10.348+0300","msg":"data decrypted successfully","service":"encryption","length":"3"}
{"level":"info","ts":"2025-07-17T18:50:10.348+0300","msg":"data encrypted successfully","service":"encryption","length":"32"}
{"level":"info","ts":"2025-07-17T18:50:10.350+0300","msg":"user authenticated","service":"auth","userID":"3ac33a9e-7916-4c68-89bb-dd9dbe326ba7"}
{"level":"info","ts":"2025-07-17T18:50:10.359+0300","msg":"page served successfully","service":"static","path":"/main","filename":"main.html"}
{"level":"error","ts":"2025-07-17T18:50:23.298+0300","msg":"invalid session","service":"auth","details":"missing auth token"}
{"level":"info","ts":"2025-07-17T18:50:23.308+0300","msg":"page served successfully","service":"static","path":"/","filename":"index.html"}
{"level":"info","ts":"2025-07-17T18:53:45.756+0300","msg":"page served successfully","service":"static","path":"/register","filename":"register.html"}
{"level":"info","ts":"2025-07-17T18:53:49.432+0300","msg":"page served successfully","service":"static","path":"/register","filename":"register.html"}
{"level":"info","ts":"2025-07-17T18:53:50.511+0300","msg":"page served successfully","service":"static","path":"/register","filename":"register.html"}
{"level":"info","ts":"2025-07-17T18:53:58.544+0300","msg":"page served successfully","service":"static","filename":"register.html","path":"/register"}
{"level":"info","ts":"2025-07-17T18:54:19.323+0300","msg":"page served successfully","service":"static","path":"/register","filename":"register.html"}
{"level":"info","ts":"2025-07-17T18:55:06.893+0300","msg":"page served successfully","service":"static","path":"/","filename":"index.html"}
{"level":"info","ts":"2025-07-17T18:55:11.202+0300","msg":"page served successfully","service":"static","path":"/register","filename":"register.html"}
{"level":"info","ts":"2025-07-17T18:55:32.592+0300","msg":"page served successfully","service":"static","path":"/register","filename":"register.html"}
{"level":"info","ts":"2025-07-17T18:55:49.000+0300","msg":"page served successfully","service":"static","path":"/register","filename":"register.html"}
{"level":"info","ts":"2025-07-17T18:55:53.181+0300","msg":"crypto params sent successfully","service":"encryption","prime":"FFFFFFFFFFFFFFFFC90FDAA22168C234C4C6628B80DC1CD1","generator":"2"}
{"level":"info","ts":"2025-07-17T18:55:53.194+0300","msg":"shared key derived successfully","service":"encryption","key":"144206926389441119296476059320392677648013161658251217544"}
{"level":"info","ts":"2025-07-17T18:55:53.194+0300","msg":"crypto params sent successfully","service":"auth","server_pub":"2576270163484457276488456917466383026406232635877725485081"}
{"level":"info","ts":"2025-07-17T18:55:53.213+0300","msg":"data decrypted successfully","service":"encryption","length":"3"}
{"level":"info","ts":"2025-07-17T18:55:53.213+0300","msg":"data decrypted successfully","service":"encryption","length":"3"}
{"level":"info","ts":"2025-07-17T18:55:53.213+0300","msg":"data encrypted successfully","service":"encryption","length":"32"}
{"level":"error","ts":"2025-07-17T18:55:53.215+0300","msg":"user already exists","service":"auth","username":"qwe"}
{"level":"info","ts":"2025-07-17T18:56:58.018+0300","msg":"page served successfully","service":"static","filename":"register.html","path":"/register"}
{"level":"info","ts":"2025-07-17T18:57:32.286+0300","msg":"page served successfully","service":"static","path":"/register","filename":"register.html"}
{"level":"info","ts":"2025-07-17T18:57:33.515+0300","msg":"page served successfully","service":"static","path":"/register","filename":"register.html"}
{"level":"info","ts":"2025-07-17T18:57:38.740+0300","msg":"page served successfully","service":"static","filename":"register.html","path":"/register"}
{"level":"info","ts":"2025-07-17T18:58:33.822+0300","msg":"page served successfully","service":"static","filename":"register.html","path":"/register"}
{"level":"info","ts":"2025-07-17T18:58:39.012+0300","msg":"crypto params sent successfully","service":"encryption","prime":"FFFFFFFFFFFFFFFFC90FDAA22168C234C4C6628B80DC1CD1","generator":"2"}
{"level":"info","ts":"2025-07-17T18:58:39.015+0300","msg":"shared key derived successfully","service":"encryption","key":"144206926389441119296476059320392677648013161658251217544"}
{"level":"info","ts":"2025-07-17T18:58:39.015+0300","msg":"crypto params sent successfully","service":"auth","server_pub":"2576270163484457276488456917466383026406232635877725485081"}
{"level":"info","ts":"2025-07-17T18:58:39.020+0300","msg":"data decrypted successfully","service":"encryption","length":"3"}
{"level":"info","ts":"2025-07-17T18:58:39.020+0300","msg":"data decrypted successfully","service":"encryption","length":"3"}
{"level":"info","ts":"2025-07-17T18:58:39.020+0300","msg":"data encrypted successfully","service":"encryption","length":"32"}
{"level":"error","ts":"2025-07-17T18:58:39.021+0300","msg":"user already exists","service":"auth","username":"qwe"}
{"level":"info","ts":"2025-07-17T18:59:28.966+0300","msg":"page served successfully","service":"static","path":"/register","filename":"register.html"}
{"level":"info","ts":"2025-07-17T18:59:32.789+0300","msg":"crypto params sent successfully","service":"encryption","prime":"FFFFFFFFFFFFFFFFC90FDAA22168C234C4C6628B80DC1CD1","generator":"2"}
{"level":"info","ts":"2025-07-17T18:59:32.793+0300","msg":"shared key derived successfully","service":"encryption","key":"144206926389441119296476059320392677648013161658251217544"}
{"level":"info","ts":"2025-07-17T18:59:32.793+0300","msg":"crypto params sent successfully","service":"auth","server_pub":"2576270163484457276488456917466383026406232635877725485081"}
{"level":"info","ts":"2025-07-17T18:59:32.798+0300","msg":"data decrypted successfully","service":"encryption","length":"3"}
{"level":"info","ts":"2025-07-17T18:59:32.798+0300","msg":"data decrypted successfully","service":"encryption","length":"3"}
{"level":"info","ts":"2025-07-17T18:59:32.798+0300","msg":"data encrypted successfully","service":"encryption","length":"32"}
{"level":"info","ts":"2025-07-17T18:59:32.800+0300","msg":"user authenticated","service":"auth","userID":"df519405-a20a-4d09-bba3-71fc3bcd75e8"}
{"level":"info","ts":"2025-07-17T18:59:32.809+0300","msg":"page served successfully","service":"static","filename":"index.html","path":"/"}
{"level":"info","ts":"2025-07-17T19:00:19.960+0300","msg":"page served successfully","service":"static","filename":"login.html","path":"/login"}
{"level":"info","ts":"2025-07-17T19:00:28.357+0300","msg":"crypto params sent successfully","service":"encryption","prime":"FFFFFFFFFFFFFFFFC90FDAA22168C234C4C6628B80DC1CD1","generator":"2"}
{"level":"info","ts":"2025-07-17T19:00:28.361+0300","msg":"shared key derived successfully","service":"encryption","key":"144206926389441119296476059320392677648013161658251217544"}
{"level":"info","ts":"2025-07-17T19:00:28.361+0300","msg":"crypto params sent successfully","service":"auth","server_pub":"2576270163484457276488456917466383026406232635877725485081"}
{"level":"info","ts":"2025-07-17T19:00:28.366+0300","msg":"data decrypted successfully","service":"encryption","length":"3"}
{"level":"info","ts":"2025-07-17T19:00:28.366+0300","msg":"data decrypted successfully","service":"encryption","length":"3"}
{"level":"info","ts":"2025-07-17T19:00:28.366+0300","msg":"data encrypted successfully","service":"encryption","length":"32"}
{"level":"info","ts":"2025-07-17T19:00:28.367+0300","msg":"user authenticated","service":"auth","userID":"3ac33a9e-7916-4c68-89bb-dd9dbe326ba7"}
{"level":"info","ts":"2025-07-17T19:00:28.376+0300","msg":"page served successfully","service":"static","path":"/main","filename":"main.html"}
{"level":"info","ts":"2025-07-17T19:00:35.860+0300","msg":"page served successfully","service":"static","path":"/login","filename":"login.html"}
{"level":"info","ts":"2025-07-17T19:00:39.007+0300","msg":"crypto params sent successfully","service":"encryption","prime":"FFFFFFFFFFFFFFFFC90FDAA22168C234C4C6628B80DC1CD1","generator":"2"}
{"level":"info","ts":"2025-07-17T19:00:39.011+0300","msg":"shared key derived successfully","service":"encryption","key":"144206926389441119296476059320392677648013161658251217544"}
{"level":"info","ts":"2025-07-17T19:00:39.011+0300","msg":"crypto params sent successfully","service":"auth","server_pub":"2576270163484457276488456917466383026406232635877725485081"}
{"level":"info","ts":"2025-07-17T19:00:39.016+0300","msg":"data decrypted successfully","service":"encryption","length":"3"}
{"level":"info","ts":"2025-07-17T19:00:39.016+0300","msg":"data decrypted successfully","service":"encryption","length":"3"}
{"level":"info","ts":"2025-07-17T19:00:39.016+0300","msg":"data encrypted successfully","service":"encryption","length":"32"}
{"level":"info","ts":"2025-07-17T19:00:39.017+0300","msg":"user authenticated","service":"auth","userID":"3ac33a9e-7916-4c68-89bb-dd9dbe326ba7"}
{"level":"info","ts":"2025-07-17T19:00:39.025+0300","msg":"page served successfully","service":"static","path":"/","filename":"index.html"}
{"level":"info","ts":"2025-07-17T19:04:53.113+0300","msg":"page served successfully","service":"static","path":"/","filename":"index.html"}
{"level":"info","ts":"2025-07-17T19:05:10.094+0300","msg":"page served successfully","service":"static","path":"/","filename":"index.html"}
{"level":"info","ts":"2025-07-17T19:05:10.600+0300","msg":"page served successfully","service":"static","filename":"index.html","path":"/"}
{"level":"info","ts":"2025-07-17T19:05:12.169+0300","msg":"page served successfully","service":"static","path":"/login","filename":"login.html"}
{"level":"info","ts":"2025-07-17T19:05:17.042+0300","msg":"crypto params sent successfully","service":"encryption","generator":"2","prime":"FFFFFFFFFFFFFFFFC90FDAA22168C234C4C6628B80DC1CD1"}
{"level":"info","ts":"2025-07-17T19:05:17.045+0300","msg":"shared key derived successfully","service":"encryption","key":"144206926389441119296476059320392677648013161658251217544"}
{"level":"info","ts":"2025-07-17T19:05:17.045+0300","msg":"crypto params sent successfully","service":"auth","server_pub":"2576270163484457276488456917466383026406232635877725485081"}
{"level":"info","ts":"2025-07-17T19:05:17.050+0300","msg":"data decrypted successfully","service":"encryption","length":"3"}
{"level":"info","ts":"2025-07-17T19:05:17.050+0300","msg":"data decrypted successfully","service":"encryption","length":"6"}
{"level":"info","ts":"2025-07-17T19:05:17.050+0300","msg":"data encrypted successfully","service":"encryption","length":"32"}
{"level":"error","ts":"2025-07-17T19:05:17.051+0300","msg":"authentication failed","service":"auth","details":"rpc error: code = Unknown desc = no rows in result set","username":"qwe"}
{"level":"info","ts":"2025-07-17T19:05:21.646+0300","msg":"crypto params sent successfully","service":"encryption","prime":"FFFFFFFFFFFFFFFFC90FDAA22168C234C4C6628B80DC1CD1","generator":"2"}
{"level":"info","ts":"2025-07-17T19:05:21.650+0300","msg":"shared key derived successfully","service":"encryption","key":"144206926389441119296476059320392677648013161658251217544"}
{"level":"info","ts":"2025-07-17T19:05:21.650+0300","msg":"crypto params sent successfully","service":"auth","server_pub":"2576270163484457276488456917466383026406232635877725485081"}
{"level":"info","ts":"2025-07-17T19:05:21.654+0300","msg":"data decrypted successfully","service":"encryption","length":"3"}
{"level":"info","ts":"2025-07-17T19:05:21.654+0300","msg":"data decrypted successfully","service":"encryption","length":"3"}
{"level":"info","ts":"2025-07-17T19:05:21.654+0300","msg":"data encrypted successfully","service":"encryption","length":"32"}
{"level":"info","ts":"2025-07-17T19:05:21.655+0300","msg":"user authenticated","service":"auth","userID":"3ac33a9e-7916-4c68-89bb-dd9dbe326ba7"}
{"level":"info","ts":"2025-07-17T19:05:21.662+0300","msg":"page served successfully","service":"static","path":"/","filename":"index.html"}
{"level":"info","ts":"2025-07-17T19:07:14.554+0300","msg":"page served successfully","service":"static","path":"/","filename":"index.html"}
{"level":"info","ts":"2025-07-17T19:07:15.379+0300","msg":"page served successfully","service":"static","path":"/login","filename":"login.html"}
{"level":"info","ts":"2025-07-17T19:07:18.159+0300","msg":"crypto params sent successfully","service":"encryption","prime":"FFFFFFFFFFFFFFFFC90FDAA22168C234C4C6628B80DC1CD1","generator":"2"}
{"level":"info","ts":"2025-07-17T19:07:18.162+0300","msg":"shared key derived successfully","service":"encryption","key":"144206926389441119296476059320392677648013161658251217544"}
{"level":"info","ts":"2025-07-17T19:07:18.162+0300","msg":"crypto params sent successfully","service":"auth","server_pub":"2576270163484457276488456917466383026406232635877725485081"}
{"level":"info","ts":"2025-07-17T19:07:18.167+0300","msg":"data decrypted successfully","service":"encryption","length":"3"}
{"level":"info","ts":"2025-07-17T19:07:18.167+0300","msg":"data decrypted successfully","service":"encryption","length":"3"}
{"level":"info","ts":"2025-07-17T19:07:18.167+0300","msg":"data encrypted successfully","service":"encryption","length":"32"}
{"level":"info","ts":"2025-07-17T19:07:18.168+0300","msg":"user authenticated","service":"auth","userID":"3ac33a9e-7916-4c68-89bb-dd9dbe326ba7"}
{"level":"info","ts":"2025-07-17T19:07:18.175+0300","msg":"page served successfully","service":"static","path":"/","filename":"index.html"}
{"level":"info","ts":"2025-07-17T19:07:48.434+0300","msg":"page served successfully","service":"static","path":"/","filename":"index.html"}
{"level":"info","ts":"2025-07-17T19:07:48.982+0300","msg":"page served successfully","service":"static","path":"/login","filename":"login.html"}
{"level":"info","ts":"2025-07-17T19:07:50.554+0300","msg":"crypto params sent successfully","service":"encryption","generator":"2","prime":"FFFFFFFFFFFFFFFFC90FDAA22168C234C4C6628B80DC1CD1"}
{"level":"info","ts":"2025-07-17T19:07:50.568+0300","msg":"shared key derived successfully","service":"encryption","key":"144206926389441119296476059320392677648013161658251217544"}
{"level":"info","ts":"2025-07-17T19:07:50.568+0300","msg":"crypto params sent successfully","service":"auth","server_pub":"2576270163484457276488456917466383026406232635877725485081"}
{"level":"info","ts":"2025-07-17T19:07:50.587+0300","msg":"data decrypted successfully","service":"encryption","length":"3"}
{"level":"info","ts":"2025-07-17T19:07:50.587+0300","msg":"data decrypted successfully","service":"encryption","length":"3"}
{"level":"info","ts":"2025-07-17T19:07:50.587+0300","msg":"data encrypted successfully","service":"encryption","length":"32"}
{"level":"info","ts":"2025-07-17T19:07:50.589+0300","msg":"user authenticated","service":"auth","userID":"3ac33a9e-7916-4c68-89bb-dd9dbe326ba7"}
{"level":"info","ts":"2025-07-17T19:07:50.602+0300","msg":"page served successfully","service":"static","path":"/","filename":"index.html"}
{"level":"info","ts":"2025-07-17T19:07:51.935+0300","msg":"user logged out","service":"auth","userID":"3ac33a9e-7916-4c68-89bb-dd9dbe326ba7"}
{"level":"info","ts":"2025-07-17T19:10:03.787+0300","msg":"page served successfully","service":"static","path":"/","filename":"index.html"}
{"level":"info","ts":"2025-07-17T19:10:04.405+0300","msg":"page served successfully","service":"static","path":"/login","filename":"login.html"}
{"level":"info","ts":"2025-07-17T19:10:06.994+0300","msg":"crypto params sent successfully","service":"encryption","prime":"FFFFFFFFFFFFFFFFC90FDAA22168C234C4C6628B80DC1CD1","generator":"2"}
{"level":"info","ts":"2025-07-17T19:10:07.009+0300","msg":"shared key derived successfully","service":"encryption","key":"144206926389441119296476059320392677648013161658251217544"}
{"level":"info","ts":"2025-07-17T19:10:07.009+0300","msg":"crypto params sent successfully","service":"auth","server_pub":"2576270163484457276488456917466383026406232635877725485081"}
{"level":"info","ts":"2025-07-17T19:10:07.026+0300","msg":"data decrypted successfully","service":"encryption","length":"3"}
{"level":"info","ts":"2025-07-17T19:10:07.027+0300","msg":"data decrypted successfully","service":"encryption","length":"3"}
{"level":"info","ts":"2025-07-17T19:10:07.027+0300","msg":"data encrypted successfully","service":"encryption","length":"32"}
{"level":"info","ts":"2025-07-17T19:10:07.029+0300","msg":"user authenticated","service":"auth","userID":"3ac33a9e-7916-4c68-89bb-dd9dbe326ba7"}
{"level":"info","ts":"2025-07-17T19:10:07.039+0300","msg":"page served successfully","service":"static","path":"/","filename":"index.html"}
{"level":"info","ts":"2025-07-17T19:12:05.187+0300","msg":"page served successfully","service":"static","path":"/","filename":"index.html"}
{"level":"info","ts":"2025-07-17T19:12:06.242+0300","msg":"page served successfully","service":"static","path":"/listing","filename":"listing.html"}
{"level":"info","ts":"2025-07-17T19:15:54.829+0300","msg":"page served successfully","service":"static","path":"/","filename":"index.html"}
{"level":"info","ts":"2025-07-17T19:16:07.093+0300","msg":"user logged out","service":"auth","userID":"3ac33a9e-7916-4c68-89bb-dd9dbe326ba7"}
{"level":"info","ts":"2025-07-17T19:20:59.826+0300","msg":"page served successfully","service":"static","path":"/","filename":"index.html"}
{"level":"info","ts":"2025-07-17T19:21:03.762+0300","msg":"page served successfully","service":"static","path":"/","filename":"index.html"}
{"level":"info","ts":"2025-07-17T19:21:04.308+0300","msg":"page served successfully","service":"static","path":"/","filename":"index.html"}
{"level":"info","ts":"2025-07-17T19:21:34.105+0300","msg":"page served successfully","service":"static","path":"/","filename":"index.html"}
{"level":"info","ts":"2025-07-17T19:22:16.114+0300","msg":"page served successfully","service":"static","path":"/","filename":"index.html"}
{"level":"info","ts":"2025-07-17T19:22:36.947+0300","msg":"page served successfully","service":"static","path":"/login","filename":"login.html"}
{"level":"info","ts":"2025-07-17T19:22:39.343+0300","msg":"crypto params sent successfully","service":"encryption","generator":"2","prime":"FFFFFFFFFFFFFFFFC90FDAA22168C234C4C6628B80DC1CD1"}
{"level":"info","ts":"2025-07-17T19:22:39.346+0300","msg":"shared key derived successfully","service":"encryption","key":"144206926389441119296476059320392677648013161658251217544"}
{"level":"info","ts":"2025-07-17T19:22:39.346+0300","msg":"crypto params sent successfully","service":"auth","server_pub":"2576270163484457276488456917466383026406232635877725485081"}
{"level":"info","ts":"2025-07-17T19:22:39.351+0300","msg":"data decrypted successfully","service":"encryption","length":"3"}
{"level":"info","ts":"2025-07-17T19:22:39.352+0300","msg":"data decrypted successfully","service":"encryption","length":"3"}
{"level":"info","ts":"2025-07-17T19:22:39.352+0300","msg":"data encrypted successfully","service":"encryption","length":"32"}
{"level":"info","ts":"2025-07-17T19:22:39.353+0300","msg":"user authenticated","service":"auth","userID":"3ac33a9e-7916-4c68-89bb-dd9dbe326ba7"}
{"level":"info","ts":"2025-07-17T19:22:39.360+0300","msg":"page served successfully","service":"static","path":"/","filename":"index.html"}
{"level":"info","ts":"2025-07-17T19:22:40.967+0300","msg":"page served successfully","service":"static","path":"/listing","filename":"listing.html"}
{"level":"info","ts":"2025-07-17T19:22:48.431+0300","msg":"page served successfully","service":"static","path":"/","filename":"index.html"}
{"level":"info","ts":"2025-07-17T19:22:58.660+0300","msg":"page served successfully","service":"static","path":"/listing","filename":"listing.html"}
{"level":"info","ts":"2025-07-17T19:23:06.033+0300","msg":"page served successfully","service":"static","path":"/","filename":"index.html"}
{"level":"info","ts":"2025-07-17T19:23:08.508+0300","msg":"page served successfully","service":"static","path":"/listing","filename":"listing.html"}
{"level":"info","ts":"2025-07-17T19:23:14.916+0300","msg":"page served successfully","service":"static","path":"/","filename":"index.html"}
{"level":"info","ts":"2025-07-17T19:23:16.087+0300","msg":"page served successfully","service":"static","filename":"listing.html","path":"/listing"}
{"level":"info","ts":"2025-07-17T19:23:26.535+0300","msg":"page served successfully","service":"static","filename":"index.html","path":"/"}
{"level":"info","ts":"2025-07-17T19:23:32.748+0300","msg":"page served successfully","service":"static","path":"/listing","filename":"listing.html"}
{"level":"info","ts":"2025-07-17T19:23:41.484+0300","msg":"page served successfully","service":"static","path":"/","filename":"index.html"}
{"level":"info","ts":"2025-07-18T12:32:20.389+0300","msg":"page served successfully","service":"static","path":"/","filename":"index.html"}
{"level":"info","ts":"2025-07-18T12:32:28.994+0300","msg":"page served successfully","service":"static","filename":"index.html","path":"/"}
{"level":"info","ts":"2025-07-18T12:37:17.238+0300","msg":"page served successfully","service":"static","path":"/","filename":"index.html"}
{"level":"info","ts":"2025-07-18T12:38:21.179+0300","msg":"page served successfully","service":"static","path":"/listing","filename":"listing.html"}
{"level":"error","ts":"2025-07-18T12:38:28.778+0300","msg":"failed to parse JWT token","service":"middleware","details":"token has invalid claims: token is expired"}
{"level":"info","ts":"2025-07-18T12:38:36.430+0300","msg":"page served successfully","service":"static","path":"/listing","filename":"listing.html"}
{"level":"error","ts":"2025-07-18T12:41:13.458+0300","msg":"invalid session","service":"auth","sessionID":"eyJhbGciOiJIUzI1NiIsInR5cCI6IkpXVCJ9.eyJzZXNzaW9uSUQiOiI1OGUyNGE2OC1jMjE1LTQzOWMtYTYxYy0yNTljMTIyNmE0NTEiLCJleHAiOjE3NTI3Njk5NTksImlhdCI6MTc1Mjc2OTM1OX0.Fqoe4GfI41SrHeoRA8W4PMSkQc2W-AyLNxvSFPVhhxw","details":"token has invalid claims: token is expired"}
{"level":"info","ts":"2025-07-18T12:41:17.204+0300","msg":"page served successfully","service":"static","path":"/login","filename":"login.html"}
{"level":"error","ts":"2025-07-18T12:41:20.295+0300","msg":"failed to load template","service":"static","details":"open assets/html/register.html: no such file or directory","path":"/register","filename":"register.html"}
{"level":"info","ts":"2025-07-18T12:42:00.860+0300","msg":"page served successfully","service":"static","path":"/register","filename":"register.html"}
{"level":"info","ts":"2025-07-18T12:42:05.574+0300","msg":"crypto params sent successfully","service":"encryption","prime":"FFFFFFFFFFFFFFFFC90FDAA22168C234C4C6628B80DC1CD1","generator":"2"}
{"level":"info","ts":"2025-07-18T12:42:05.577+0300","msg":"shared key derived successfully","service":"encryption","key":"144206926389441119296476059320392677648013161658251217544"}
{"level":"info","ts":"2025-07-18T12:42:05.577+0300","msg":"crypto params sent successfully","service":"auth","server_pub":"2576270163484457276488456917466383026406232635877725485081"}
{"level":"info","ts":"2025-07-18T12:42:05.582+0300","msg":"data decrypted successfully","service":"encryption","length":"3"}
{"level":"info","ts":"2025-07-18T12:42:05.582+0300","msg":"data decrypted successfully","service":"encryption","length":"3"}
{"level":"info","ts":"2025-07-18T12:42:05.582+0300","msg":"data encrypted successfully","service":"encryption","length":"32"}
{"level":"info","ts":"2025-07-18T12:42:05.603+0300","msg":"user authenticated","service":"auth","userID":"ca190105-0cf7-4683-bcb4-3b775aca6db2"}
{"level":"info","ts":"2025-07-18T12:42:05.611+0300","msg":"page served successfully","service":"static","path":"/","filename":"index.html"}
{"level":"info","ts":"2025-07-18T12:42:07.710+0300","msg":"page served successfully","service":"static","path":"/listing","filename":"listing.html"}
{"level":"info","ts":"2025-07-18T12:42:18.841+0300","msg":"page served successfully","service":"static","path":"/","filename":"index.html"}
{"level":"info","ts":"2025-07-18T12:50:50.279+0300","msg":"service listing-service is in state IDLE","service":"healthcheck"}
{"level":"info","ts":"2025-07-18T12:50:56.812+0300","msg":"page served successfully","service":"static","path":"/","filename":"index.html"}
{"level":"info","ts":"2025-07-18T12:51:56.876+0300","msg":"page served successfully","service":"static","path":"/","filename":"index.html"}
{"level":"info","ts":"2025-07-18T12:52:38.806+0300","msg":"page served successfully","service":"static","path":"/","filename":"index.html"}
{"level":"info","ts":"2025-07-18T12:59:37.832+0300","msg":"page served successfully","service":"static","path":"/","filename":"index.html"}
{"level":"error","ts":"2025-07-18T13:00:18.862+0300","msg":"invalid session","service":"auth","details":"token has invalid claims: token is expired","sessionID":"eyJhbGciOiJIUzI1NiIsInR5cCI6IkpXVCJ9.eyJzZXNzaW9uSUQiOiJkODkyYzVhYS04Mzg2LTQxMWYtYTI3Zi02ZjE3ZmZmN2Q5MTciLCJleHAiOjE3NTI4MzIzMjUsImlhdCI6MTc1MjgzMTcyNX0.zyJaRIvOm68KSGmw8qzUOkAJDp14W6QKqYs_zGcg3Vw"}
{"level":"info","ts":"2025-07-18T13:00:23.596+0300","msg":"page served successfully","service":"static","path":"/login","filename":"login.html"}
{"level":"info","ts":"2025-07-18T13:00:28.094+0300","msg":"crypto params sent successfully","service":"encryption","prime":"FFFFFFFFFFFFFFFFC90FDAA22168C234C4C6628B80DC1CD1","generator":"2"}
{"level":"info","ts":"2025-07-18T13:00:28.097+0300","msg":"shared key derived successfully","service":"encryption","key":"144206926389441119296476059320392677648013161658251217544"}
{"level":"info","ts":"2025-07-18T13:00:28.097+0300","msg":"crypto params sent successfully","service":"auth","server_pub":"2576270163484457276488456917466383026406232635877725485081"}
{"level":"info","ts":"2025-07-18T13:00:28.102+0300","msg":"data decrypted successfully","service":"encryption","length":"3"}
{"level":"info","ts":"2025-07-18T13:00:28.102+0300","msg":"data decrypted successfully","service":"encryption","length":"3"}
{"level":"info","ts":"2025-07-18T13:00:28.102+0300","msg":"data encrypted successfully","service":"encryption","length":"32"}
{"level":"info","ts":"2025-07-18T13:00:28.104+0300","msg":"user authenticated","service":"auth","userID":"ca190105-0cf7-4683-bcb4-3b775aca6db2"}
{"level":"info","ts":"2025-07-18T13:00:28.117+0300","msg":"page served successfully","service":"static","path":"/","filename":"index.html"}
{"level":"info","ts":"2025-07-18T13:00:32.018+0300","msg":"page served successfully","service":"static","path":"/listing","filename":"listing.html"}
{"level":"info","ts":"2025-07-18T13:00:54.235+0300","msg":"page served successfully","service":"static","filename":"index.html","path":"/"}
{"level":"info","ts":"2025-07-18T13:20:13.646+0300","msg":"page served successfully","service":"static","path":"/","filename":"index.html"}
{"level":"info","ts":"2025-07-18T13:22:35.366+0300","msg":"service listing-service is in state IDLE","service":"healthcheck"}
{"level":"info","ts":"2025-07-18T13:22:40.366+0300","msg":"service listing-service is in state TRANSIENT_FAILURE","service":"healthcheck"}
{"level":"info","ts":"2025-07-18T13:22:45.366+0300","msg":"service listing-service is in state TRANSIENT_FAILURE","service":"healthcheck"}
{"level":"info","ts":"2025-07-18T13:22:50.370+0300","msg":"service listing-service is in state TRANSIENT_FAILURE","service":"healthcheck"}
{"level":"info","ts":"2025-07-18T13:22:53.597+0300","msg":"page served successfully","service":"static","filename":"index.html","path":"/"}
{"level":"error","ts":"2025-07-18T13:23:14.604+0300","msg":"invalid session","service":"auth","sessionID":"eyJhbGciOiJIUzI1NiIsInR5cCI6IkpXVCJ9.eyJzZXNzaW9uSUQiOiI2MTQwNTRiMC1jNjk0LTRjODEtYmFhNS04ZjA4NDBhNzQ5ZTMiLCJleHAiOjE3NTI4MzM0MjgsImlhdCI6MTc1MjgzMjgyOH0.KZN7kUPmPA-a7Q24h4FoUdNIaUCPsB6-cZR-jWrjJUY","details":"token has invalid claims: token is expired"}
{"level":"info","ts":"2025-07-18T13:25:25.155+0300","msg":"page served successfully","service":"static","path":"/login","filename":"login.html"}
{"level":"info","ts":"2025-07-18T13:25:33.024+0300","msg":"crypto params sent successfully","service":"encryption","prime":"FFFFFFFFFFFFFFFFC90FDAA22168C234C4C6628B80DC1CD1","generator":"2"}
{"level":"info","ts":"2025-07-18T13:25:33.028+0300","msg":"shared key derived successfully","service":"encryption","key":"144206926389441119296476059320392677648013161658251217544"}
{"level":"info","ts":"2025-07-18T13:25:33.028+0300","msg":"crypto params sent successfully","service":"auth","server_pub":"2576270163484457276488456917466383026406232635877725485081"}
{"level":"info","ts":"2025-07-18T13:25:33.033+0300","msg":"data decrypted successfully","service":"encryption","length":"3"}
{"level":"info","ts":"2025-07-18T13:25:33.033+0300","msg":"data decrypted successfully","service":"encryption","length":"3"}
{"level":"info","ts":"2025-07-18T13:25:33.033+0300","msg":"data encrypted successfully","service":"encryption","length":"32"}
{"level":"info","ts":"2025-07-18T13:25:33.034+0300","msg":"user authenticated","service":"auth","userID":"ca190105-0cf7-4683-bcb4-3b775aca6db2"}
{"level":"info","ts":"2025-07-18T13:25:33.041+0300","msg":"page served successfully","service":"static","path":"/","filename":"index.html"}
{"level":"info","ts":"2025-07-18T13:25:45.133+0300","msg":"page served successfully","service":"static","path":"/","filename":"index.html"}
{"level":"info","ts":"2025-07-18T13:26:03.657+0300","msg":"page served successfully","service":"static","path":"/listing","filename":"listing.html"}
{"level":"info","ts":"2025-07-18T13:26:14.555+0300","msg":"page served successfully","service":"static","path":"/","filename":"index.html"}
{"level":"info","ts":"2025-07-18T13:32:10.458+0300","msg":"user logged out","service":"auth","userID":"ca190105-0cf7-4683-bcb4-3b775aca6db2"}
{"level":"info","ts":"2025-07-18T13:32:11.463+0300","msg":"page served successfully","service":"static","path":"/login","filename":"login.html"}
{"level":"info","ts":"2025-07-18T13:32:14.333+0300","msg":"crypto params sent successfully","service":"encryption","prime":"FFFFFFFFFFFFFFFFC90FDAA22168C234C4C6628B80DC1CD1","generator":"2"}
{"level":"info","ts":"2025-07-18T13:32:14.336+0300","msg":"shared key derived successfully","service":"encryption","key":"144206926389441119296476059320392677648013161658251217544"}
{"level":"info","ts":"2025-07-18T13:32:14.336+0300","msg":"crypto params sent successfully","service":"auth","server_pub":"2576270163484457276488456917466383026406232635877725485081"}
{"level":"info","ts":"2025-07-18T13:32:14.341+0300","msg":"data decrypted successfully","service":"encryption","length":"3"}
{"level":"info","ts":"2025-07-18T13:32:14.341+0300","msg":"data decrypted successfully","service":"encryption","length":"3"}
{"level":"info","ts":"2025-07-18T13:32:14.341+0300","msg":"data encrypted successfully","service":"encryption","length":"32"}
{"level":"info","ts":"2025-07-18T13:32:14.342+0300","msg":"user authenticated","service":"auth","userID":"3ac33a9e-7916-4c68-89bb-dd9dbe326ba7"}
{"level":"info","ts":"2025-07-18T13:32:14.348+0300","msg":"page served successfully","service":"static","path":"/","filename":"index.html"}
{"level":"info","ts":"2025-07-18T13:32:15.862+0300","msg":"page served successfully","service":"static","path":"/listing","filename":"listing.html"}
{"level":"info","ts":"2025-07-18T13:32:23.247+0300","msg":"page served successfully","service":"static","path":"/","filename":"index.html"}
{"level":"info","ts":"2025-07-18T13:33:05.367+0300","msg":"service listing-service is in state IDLE","service":"healthcheck"}
{"level":"info","ts":"2025-07-18T13:33:06.318+0300","msg":"page served successfully","service":"static","path":"/","filename":"index.html"}
{"level":"info","ts":"2025-07-18T13:33:30.369+0300","msg":"service listing-service is in state IDLE","service":"healthcheck"}
{"level":"info","ts":"2025-07-18T13:33:30.405+0300","msg":"page served successfully","service":"static","path":"/","filename":"index.html"}
{"level":"info","ts":"2025-07-18T13:34:11.104+0300","msg":"page served successfully","service":"static","path":"/","filename":"index.html"}
{"level":"info","ts":"2025-07-18T13:38:22.652+0300","msg":"page served successfully","service":"static","filename":"index.html","path":"/"}
{"level":"info","ts":"2025-07-18T13:41:10.849+0300","msg":"service listing-service is in state IDLE","service":"healthcheck"}
{"level":"info","ts":"2025-07-18T13:41:17.140+0300","msg":"page served successfully","service":"static","path":"/","filename":"index.html"}
{"level":"info","ts":"2025-07-18T13:41:25.270+0300","msg":"page served successfully","service":"static","path":"/","filename":"index.html"}
{"level":"info","ts":"2025-07-18T13:41:30.447+0300","msg":"page served successfully","service":"static","path":"/","filename":"index.html"}
{"level":"info","ts":"2025-07-18T13:43:59.701+0300","msg":"page served successfully","service":"static","path":"/","filename":"index.html"}
{"level":"error","ts":"2025-07-18T13:44:06.499+0300","msg":"invalid session","service":"auth","sessionID":"eyJhbGciOiJIUzI1NiIsInR5cCI6IkpXVCJ9.eyJzZXNzaW9uSUQiOiJkYTdjNWY3Yi1iYWRjLTRhMjUtYWM0Zi1iNjk5MjY3MWRjOWIiLCJleHAiOjE3NTI4MzUzMzQsImlhdCI6MTc1MjgzNDczNH0.GL6jjBStSn1EfMrnyvvPy_R14uBYheMbZuH4jdcHXNM","details":"token has invalid claims: token is expired"}
{"level":"info","ts":"2025-07-18T13:44:08.299+0300","msg":"page served successfully","service":"static","path":"/login","filename":"login.html"}
{"level":"info","ts":"2025-07-18T13:44:11.608+0300","msg":"crypto params sent successfully","service":"encryption","prime":"FFFFFFFFFFFFFFFFC90FDAA22168C234C4C6628B80DC1CD1","generator":"2"}
{"level":"info","ts":"2025-07-18T13:44:11.620+0300","msg":"shared key derived successfully","service":"encryption","key":"144206926389441119296476059320392677648013161658251217544"}
{"level":"info","ts":"2025-07-18T13:44:11.620+0300","msg":"crypto params sent successfully","service":"auth","server_pub":"2576270163484457276488456917466383026406232635877725485081"}
{"level":"info","ts":"2025-07-18T13:44:11.639+0300","msg":"data decrypted successfully","service":"encryption","length":"3"}
{"level":"info","ts":"2025-07-18T13:44:11.639+0300","msg":"data decrypted successfully","service":"encryption","length":"3"}
{"level":"info","ts":"2025-07-18T13:44:11.639+0300","msg":"data encrypted successfully","service":"encryption","length":"32"}
{"level":"info","ts":"2025-07-18T13:44:11.642+0300","msg":"user authenticated","service":"auth","userID":"3ac33a9e-7916-4c68-89bb-dd9dbe326ba7"}
{"level":"info","ts":"2025-07-18T13:44:11.655+0300","msg":"page served successfully","service":"static","filename":"index.html","path":"/"}
{"level":"info","ts":"2025-07-18T13:57:52.790+0300","msg":"service listing-service is in state IDLE","service":"healthcheck"}
{"level":"info","ts":"2025-07-18T13:57:52.810+0300","msg":"page served successfully","service":"static","filename":"index.html","path":"/"}
{"level":"error","ts":"2025-07-18T13:57:55.449+0300","msg":"invalid session","service":"auth","sessionID":"eyJhbGciOiJIUzI1NiIsInR5cCI6IkpXVCJ9.eyJzZXNzaW9uSUQiOiI2NDhlNzlhYS05MmVlLTQwOGEtODkxYS1kZDVkYWI1Njc3YmUiLCJleHAiOjE3NTI4MzYwNTEsImlhdCI6MTc1MjgzNTQ1MX0.6gkExTNbEW7aFB2zmNK4pQDFbDvMwRcODXRc4EOoq18","details":"token has invalid claims: token is expired"}
{"level":"info","ts":"2025-07-18T13:57:58.026+0300","msg":"page served successfully","service":"static","path":"/login","filename":"login.html"}
{"level":"info","ts":"2025-07-18T13:58:01.774+0300","msg":"crypto params sent successfully","service":"encryption","prime":"FFFFFFFFFFFFFFFFC90FDAA22168C234C4C6628B80DC1CD1","generator":"2"}
{"level":"info","ts":"2025-07-18T13:58:01.778+0300","msg":"shared key derived successfully","service":"encryption","key":"144206926389441119296476059320392677648013161658251217544"}
{"level":"info","ts":"2025-07-18T13:58:01.778+0300","msg":"crypto params sent successfully","service":"auth","server_pub":"2576270163484457276488456917466383026406232635877725485081"}
{"level":"info","ts":"2025-07-18T13:58:01.782+0300","msg":"data decrypted successfully","service":"encryption","length":"3"}
{"level":"info","ts":"2025-07-18T13:58:01.782+0300","msg":"data decrypted successfully","service":"encryption","length":"3"}
{"level":"info","ts":"2025-07-18T13:58:01.782+0300","msg":"data encrypted successfully","service":"encryption","length":"32"}
{"level":"info","ts":"2025-07-18T13:58:01.783+0300","msg":"user authenticated","service":"auth","userID":"3ac33a9e-7916-4c68-89bb-dd9dbe326ba7"}
{"level":"info","ts":"2025-07-18T13:58:01.789+0300","msg":"page served successfully","service":"static","path":"/","filename":"index.html"}
{"level":"info","ts":"2025-07-18T13:58:27.273+0300","msg":"page served successfully","service":"static","path":"/","filename":"index.html"}
{"level":"info","ts":"2025-07-18T14:01:16.982+0300","msg":"page served successfully","service":"static","path":"/","filename":"index.html"}
{"level":"info","ts":"2025-07-18T14:02:20.336+0300","msg":"page served successfully","service":"static","path":"/","filename":"index.html"}
{"level":"info","ts":"2025-07-18T14:07:06.821+0300","msg":"service listing-service is in state IDLE","service":"healthcheck"}
{"level":"info","ts":"2025-07-18T14:09:06.821+0300","msg":"service listing-service is in state IDLE","service":"healthcheck"}
{"level":"error","ts":"2025-07-18T14:27:02.576+0300","msg":"invalid session","service":"auth","sessionID":"eyJhbGciOiJIUzI1NiIsInR5cCI6IkpXVCJ9.eyJzZXNzaW9uSUQiOiJmYmU0YTBhMC1kZWQzLTQ2NjktYmQzZi03NjY1NzU3YzlhMDEiLCJleHAiOjE3NTI4MzY4ODEsImlhdCI6MTc1MjgzNjI4MX0.h2Nc6laWm-HFX4-YdszEJybYVGxuaWW81m98PE8nVCA","details":"token has invalid claims: token is expired"}
{"level":"info","ts":"2025-07-18T14:27:20.904+0300","msg":"page served successfully","service":"static","path":"/login","filename":"login.html"}
{"level":"info","ts":"2025-07-18T14:27:23.263+0300","msg":"crypto params sent successfully","service":"encryption","generator":"2","prime":"FFFFFFFFFFFFFFFFC90FDAA22168C234C4C6628B80DC1CD1"}
{"level":"info","ts":"2025-07-18T14:27:23.276+0300","msg":"shared key derived successfully","service":"encryption","key":"144206926389441119296476059320392677648013161658251217544"}
{"level":"info","ts":"2025-07-18T14:27:23.276+0300","msg":"crypto params sent successfully","service":"auth","server_pub":"2576270163484457276488456917466383026406232635877725485081"}
{"level":"info","ts":"2025-07-18T14:27:23.292+0300","msg":"data decrypted successfully","service":"encryption","length":"3"}
{"level":"info","ts":"2025-07-18T14:27:23.292+0300","msg":"data decrypted successfully","service":"encryption","length":"3"}
{"level":"info","ts":"2025-07-18T14:27:23.292+0300","msg":"data encrypted successfully","service":"encryption","length":"32"}
{"level":"info","ts":"2025-07-18T14:27:23.296+0300","msg":"user authenticated","service":"auth","userID":"3ac33a9e-7916-4c68-89bb-dd9dbe326ba7"}
{"level":"info","ts":"2025-07-18T14:27:23.311+0300","msg":"page served successfully","service":"static","filename":"index.html","path":"/"}
{"level":"info","ts":"2025-07-18T14:28:02.333+0300","msg":"user logged out","service":"auth","userID":"3ac33a9e-7916-4c68-89bb-dd9dbe326ba7"}
{"level":"info","ts":"2025-07-18T14:28:05.992+0300","msg":"page served successfully","service":"static","path":"/","filename":"index.html"}
{"level":"info","ts":"2025-07-18T14:28:11.662+0300","msg":"page served successfully","service":"static","path":"/","filename":"index.html"}
{"level":"info","ts":"2025-07-18T14:28:12.796+0300","msg":"missing auth token","service":"middleware"}
{"level":"info","ts":"2025-07-18T14:28:14.505+0300","msg":"missing auth token","service":"middleware"}
{"level":"info","ts":"2025-07-18T14:28:15.197+0300","msg":"missing auth token","service":"middleware"}
{"level":"info","ts":"2025-07-18T14:28:17.940+0300","msg":"missing auth token","service":"middleware"}
{"level":"info","ts":"2025-07-18T14:28:19.868+0300","msg":"missing auth token","service":"middleware"}
{"level":"info","ts":"2025-07-18T14:28:21.429+0300","msg":"page served successfully","service":"static","path":"/","filename":"index.html"}
{"level":"info","ts":"2025-07-18T14:28:23.822+0300","msg":"page served successfully","service":"static","path":"/","filename":"index.html"}
{"level":"info","ts":"2025-07-18T14:28:46.261+0300","msg":"page served successfully","service":"static","filename":"index.html","path":"/"}
{"level":"info","ts":"2025-07-18T18:28:23.257+0300","msg":"page served successfully","service":"static","path":"/","filename":"index.html"}
{"level":"info","ts":"2025-07-18T18:28:29.942+0300","msg":"page served successfully","service":"static","path":"/","filename":"index.html"}
{"level":"info","ts":"2025-07-18T18:31:25.958+0300","msg":"page served successfully","service":"static","path":"/","filename":"index.html"}
{"level":"info","ts":"2025-07-18T18:32:52.840+0300","msg":"page served successfully","service":"static","path":"/","filename":"index.html"}
{"level":"info","ts":"2025-07-18T18:33:04.833+0300","msg":"page served successfully","service":"static","path":"/","filename":"index.html"}
{"level":"info","ts":"2025-07-18T18:33:27.223+0300","msg":"page served successfully","service":"static","path":"/","filename":"index.html"}
{"level":"info","ts":"2025-07-18T18:36:10.667+0300","msg":"page served successfully","service":"static","filename":"index.html","path":"/"}
{"level":"info","ts":"2025-07-18T18:36:32.911+0300","msg":"page served successfully","service":"static","filename":"index.html","path":"/"}
{"level":"info","ts":"2025-07-18T18:36:34.937+0300","msg":"page served successfully","service":"static","path":"/","filename":"index.html"}
{"level":"info","ts":"2025-07-18T18:46:13.817+0300","msg":"page served successfully","service":"static","path":"/","filename":"index.html"}
{"level":"info","ts":"2025-07-18T18:46:23.119+0300","msg":"page served successfully","service":"static","path":"/","filename":"index.html"}
{"level":"info","ts":"2025-07-18T18:46:30.229+0300","msg":"page served successfully","service":"static","path":"/","filename":"index.html"}
{"level":"info","ts":"2025-07-18T18:47:45.754+0300","msg":"page served successfully","service":"static","path":"/","filename":"index.html"}
{"level":"info","ts":"2025-07-18T18:54:19.435+0300","msg":"service listing-service is in state IDLE","service":"healthcheck"}
{"level":"info","ts":"2025-07-18T18:54:44.432+0300","msg":"service user-service is in state IDLE","service":"healthcheck"}
{"level":"info","ts":"2025-07-18T18:54:44.433+0300","msg":"service session-service is in state IDLE","service":"healthcheck"}
{"level":"info","ts":"2025-07-18T19:03:29.432+0300","msg":"service listing-service is in state IDLE","service":"healthcheck"}
{"level":"info","ts":"2025-07-18T19:03:36.320+0300","msg":"page served successfully","service":"static","filename":"index.html","path":"/"}
{"level":"info","ts":"2025-07-18T19:05:19.432+0300","msg":"service listing-service is in state IDLE","service":"healthcheck"}
{"level":"info","ts":"2025-07-18T19:05:22.695+0300","msg":"page served successfully","service":"static","path":"/","filename":"index.html"}
{"level":"info","ts":"2025-07-18T19:07:07.714+0300","msg":"page served successfully","service":"static","path":"/login","filename":"login.html"}
{"level":"info","ts":"2025-07-18T19:07:11.213+0300","msg":"crypto params sent successfully","service":"encryption","prime":"FFFFFFFFFFFFFFFFC90FDAA22168C234C4C6628B80DC1CD1","generator":"2"}
{"level":"info","ts":"2025-07-18T19:07:11.224+0300","msg":"shared key derived successfully","service":"encryption","key":"144206926389441119296476059320392677648013161658251217544"}
{"level":"info","ts":"2025-07-18T19:07:11.224+0300","msg":"crypto params sent successfully","service":"auth","server_pub":"2576270163484457276488456917466383026406232635877725485081"}
{"level":"info","ts":"2025-07-18T19:07:11.231+0300","msg":"data decrypted successfully","service":"encryption","length":"3"}
{"level":"info","ts":"2025-07-18T19:07:11.231+0300","msg":"data decrypted successfully","service":"encryption","length":"3"}
{"level":"info","ts":"2025-07-18T19:07:11.231+0300","msg":"data encrypted successfully","service":"encryption","length":"32"}
{"level":"info","ts":"2025-07-18T19:07:11.240+0300","msg":"user authenticated","service":"auth","userID":"3ac33a9e-7916-4c68-89bb-dd9dbe326ba7"}
{"level":"info","ts":"2025-07-18T19:07:11.248+0300","msg":"page served successfully","service":"static","filename":"index.html","path":"/"}
{"level":"info","ts":"2025-07-18T19:07:12.446+0300","msg":"page served successfully","service":"static","filename":"listing.html","path":"/listing"}
{"level":"info","ts":"2025-07-18T19:07:26.890+0300","msg":"page served successfully","service":"static","path":"/","filename":"index.html"}
{"level":"info","ts":"2025-07-18T19:11:04.432+0300","msg":"service listing-service is in state IDLE","service":"healthcheck"}
{"level":"info","ts":"2025-07-18T19:17:49.434+0300","msg":"service listing-service is in state IDLE","service":"healthcheck"}
{"level":"info","ts":"2025-07-18T19:17:52.387+0300","msg":"page served successfully","service":"static","path":"/","filename":"index.html"}
{"level":"info","ts":"2025-07-18T19:17:58.053+0300","msg":"page served successfully","service":"static","path":"/","filename":"index.html"}
{"level":"info","ts":"2025-07-18T19:19:09.432+0300","msg":"service listing-service is in state IDLE","service":"healthcheck"}
{"level":"info","ts":"2025-07-18T19:19:11.697+0300","msg":"page served successfully","service":"static","path":"/","filename":"index.html"}
{"level":"info","ts":"2025-07-18T19:25:29.432+0300","msg":"service listing-service is in state IDLE","service":"healthcheck"}
{"level":"info","ts":"2025-07-18T19:25:39.433+0300","msg":"service listing-service is in state IDLE","service":"healthcheck"}
{"level":"info","ts":"2025-07-18T19:25:41.492+0300","msg":"page served successfully","service":"static","path":"/","filename":"index.html"}
{"level":"info","ts":"2025-07-18T19:27:09.435+0300","msg":"service listing-service is in state IDLE","service":"healthcheck"}
{"level":"info","ts":"2025-07-18T19:27:10.132+0300","msg":"page served successfully","service":"static","path":"/","filename":"index.html"}
{"level":"info","ts":"2025-07-18T19:27:19.946+0300","msg":"page served successfully","service":"static","path":"/","filename":"index.html"}
{"level":"info","ts":"2025-07-18T19:28:29.434+0300","msg":"service listing-service is in state IDLE","service":"healthcheck"}
{"level":"info","ts":"2025-07-18T19:28:30.905+0300","msg":"page served successfully","service":"static","path":"/","filename":"index.html"}
{"level":"info","ts":"2025-07-18T19:29:34.435+0300","msg":"service listing-service is in state IDLE","service":"healthcheck"}
{"level":"info","ts":"2025-07-18T19:29:35.020+0300","msg":"page served successfully","service":"static","path":"/","filename":"index.html"}
{"level":"info","ts":"2025-07-18T19:30:19.130+0300","msg":"page served successfully","service":"static","path":"/","filename":"index.html"}
{"level":"info","ts":"2025-07-18T19:31:04.433+0300","msg":"service listing-service is in state IDLE","service":"healthcheck"}
{"level":"info","ts":"2025-07-18T19:31:08.045+0300","msg":"page served successfully","service":"static","path":"/","filename":"index.html"}
{"level":"info","ts":"2025-07-18T19:32:34.433+0300","msg":"service listing-service is in state IDLE","service":"healthcheck"}
{"level":"info","ts":"2025-07-18T19:32:35.703+0300","msg":"page served successfully","service":"static","path":"/","filename":"index.html"}
{"level":"info","ts":"2025-07-18T19:33:29.240+0300","msg":"page served successfully","service":"static","path":"/","filename":"index.html"}
{"level":"info","ts":"2025-07-18T19:34:08.989+0300","msg":"page served successfully","service":"static","path":"/","filename":"index.html"}
{"level":"info","ts":"2025-07-18T19:35:41.362+0300","msg":"service listing-service is in state IDLE","service":"healthcheck"}
{"level":"info","ts":"2025-07-18T19:35:42.440+0300","msg":"page served successfully","service":"static","path":"/","filename":"index.html"}
{"level":"info","ts":"2025-07-18T19:49:36.363+0300","msg":"service listing-service is in state IDLE","service":"healthcheck"}
{"level":"info","ts":"2025-07-18T19:49:41.362+0300","msg":"service listing-service is in state TRANSIENT_FAILURE","service":"healthcheck"}
{"level":"info","ts":"2025-07-18T19:49:46.361+0300","msg":"service listing-service is in state TRANSIENT_FAILURE","service":"healthcheck"}
{"level":"info","ts":"2025-07-18T19:57:52.862+0300","msg":"page served successfully","service":"static","path":"/","filename":"index.html"}
{"level":"info","ts":"2025-07-18T19:57:55.802+0300","msg":"page served successfully","service":"static","path":"/","filename":"index.html"}
{"level":"info","ts":"2025-07-18T20:02:46.324+0300","msg":"page served successfully","service":"static","path":"/","filename":"index.html"}
{"level":"info","ts":"2025-07-18T20:06:32.538+0300","msg":"page served successfully","service":"static","path":"/","filename":"index.html"}
{"level":"info","ts":"2025-07-18T20:08:14.368+0300","msg":"service listing-service is in state IDLE","service":"healthcheck"}
{"level":"error","ts":"2025-07-18T20:08:23.484+0300","msg":"invalid session","service":"auth","sessionID":"eyJhbGciOiJIUzI1NiIsInR5cCI6IkpXVCJ9.eyJzZXNzaW9uSUQiOiJjZTMzNTU5My1lMjkyLTQ3MDMtYjEwYy1hMGIwMTc1YTY0OWQiLCJleHAiOjE3NTI4NTU0MzEsImlhdCI6MTc1Mjg1NDgzMX0.q0X5AhguvNMGX5G7iigQ9wVaOmVAJwxwsvSHjrBc7kQ","details":"token has invalid claims: token is expired"}
{"level":"info","ts":"2025-07-18T20:08:28.738+0300","msg":"page served successfully","service":"static","filename":"login.html","path":"/login"}
{"level":"info","ts":"2025-07-18T20:08:32.087+0300","msg":"crypto params sent successfully","service":"encryption","prime":"FFFFFFFFFFFFFFFFC90FDAA22168C234C4C6628B80DC1CD1","generator":"2"}
{"level":"info","ts":"2025-07-18T20:08:32.092+0300","msg":"shared key derived successfully","service":"encryption","key":"144206926389441119296476059320392677648013161658251217544"}
{"level":"info","ts":"2025-07-18T20:08:32.092+0300","msg":"crypto params sent successfully","service":"auth","server_pub":"2576270163484457276488456917466383026406232635877725485081"}
{"level":"info","ts":"2025-07-18T20:08:32.096+0300","msg":"data decrypted successfully","service":"encryption","length":"3"}
{"level":"info","ts":"2025-07-18T20:08:32.096+0300","msg":"data decrypted successfully","service":"encryption","length":"3"}
{"level":"info","ts":"2025-07-18T20:08:32.096+0300","msg":"data encrypted successfully","service":"encryption","length":"32"}
{"level":"info","ts":"2025-07-18T20:08:32.097+0300","msg":"user authenticated","service":"auth","userID":"3ac33a9e-7916-4c68-89bb-dd9dbe326ba7"}
{"level":"info","ts":"2025-07-18T20:08:32.104+0300","msg":"page served successfully","service":"static","path":"/","filename":"index.html"}
{"level":"info","ts":"2025-07-18T20:09:12.366+0300","msg":"page served successfully","service":"static","path":"/listing","filename":"listing.html"}
{"level":"info","ts":"2025-07-18T20:16:02.581+0300","msg":"page served successfully","service":"static","filename":"index.html","path":"/"}
{"level":"info","ts":"2025-07-18T20:16:08.708+0300","msg":"page served successfully","service":"static","path":"/listing","filename":"listing.html"}
{"level":"info","ts":"2025-07-18T20:16:16.659+0300","msg":"page served successfully","service":"static","path":"/","filename":"index.html"}
{"level":"info","ts":"2025-07-18T20:16:18.503+0300","msg":"page served successfully","service":"static","path":"/listing","filename":"listing.html"}
{"level":"info","ts":"2025-07-18T20:18:01.971+0300","msg":"page served successfully","service":"static","path":"/","filename":"index.html"}
{"level":"info","ts":"2025-07-18T20:18:23.596+0300","msg":"page served successfully","service":"static","path":"/","filename":"index.html"}
{"level":"info","ts":"2025-07-18T20:19:54.787+0300","msg":"page served successfully","service":"static","path":"/","filename":"index.html"}
{"level":"error","ts":"2025-07-18T20:19:57.915+0300","msg":"invalid session","service":"auth","details":"token has invalid claims: token is expired","sessionID":"eyJhbGciOiJIUzI1NiIsInR5cCI6IkpXVCJ9.eyJzZXNzaW9uSUQiOiI3OWRlNGZhYi03M2RlLTQ0OTktODFjMC1lMDMyNWQzNjI2NTgiLCJleHAiOjE3NTI4NTkxMTIsImlhdCI6MTc1Mjg1ODUxMn0.mAXZpHUrgYkPG7kbIgbrCHgaCMP6POJN6Z7ss1pTxbY"}
{"level":"info","ts":"2025-07-18T20:19:58.444+0300","msg":"page served successfully","service":"static","path":"/login","filename":"login.html"}
{"level":"info","ts":"2025-07-18T20:20:01.250+0300","msg":"crypto params sent successfully","service":"encryption","prime":"FFFFFFFFFFFFFFFFC90FDAA22168C234C4C6628B80DC1CD1","generator":"2"}
{"level":"info","ts":"2025-07-18T20:20:01.262+0300","msg":"shared key derived successfully","service":"encryption","key":"144206926389441119296476059320392677648013161658251217544"}
{"level":"info","ts":"2025-07-18T20:20:01.262+0300","msg":"crypto params sent successfully","service":"auth","server_pub":"2576270163484457276488456917466383026406232635877725485081"}
{"level":"info","ts":"2025-07-18T20:20:01.279+0300","msg":"data decrypted successfully","service":"encryption","length":"3"}
{"level":"info","ts":"2025-07-18T20:20:01.280+0300","msg":"data decrypted successfully","service":"encryption","length":"3"}
{"level":"info","ts":"2025-07-18T20:20:01.280+0300","msg":"data encrypted successfully","service":"encryption","length":"32"}
{"level":"info","ts":"2025-07-18T20:20:01.284+0300","msg":"user authenticated","service":"auth","userID":"3ac33a9e-7916-4c68-89bb-dd9dbe326ba7"}
{"level":"info","ts":"2025-07-18T20:20:01.297+0300","msg":"page served successfully","service":"static","path":"/","filename":"index.html"}
{"level":"info","ts":"2025-07-18T20:20:42.014+0300","msg":"page served successfully","service":"static","path":"/","filename":"index.html"}
{"level":"info","ts":"2025-07-18T20:22:58.592+0300","msg":"page served successfully","service":"static","path":"/","filename":"index.html"}
{"level":"info","ts":"2025-07-18T20:23:29.556+0300","msg":"page served successfully","service":"static","path":"/","filename":"index.html"}
{"level":"info","ts":"2025-07-18T20:23:30.658+0300","msg":"page served successfully","service":"static","path":"/edit","filename":"edit.html"}
{"level":"info","ts":"2025-07-18T20:24:31.232+0300","msg":"page served successfully","service":"static","path":"/","filename":"index.html"}
{"level":"info","ts":"2025-07-18T20:24:32.115+0300","msg":"page served successfully","service":"static","path":"/edit","filename":"edit.html"}
{"level":"info","ts":"2025-07-18T20:29:25.870+0300","msg":"page served successfully","service":"static","path":"/edit","filename":"edit.html"}
{"level":"info","ts":"2025-07-18T20:29:38.104+0300","msg":"page served successfully","service":"static","path":"/","filename":"index.html"}
{"level":"info","ts":"2025-07-18T20:29:39.738+0300","msg":"page served successfully","service":"static","path":"/edit","filename":"edit.html"}
{"level":"info","ts":"2025-07-18T20:30:18.404+0300","msg":"page served successfully","service":"static","path":"/edit","filename":"edit.html"}
{"level":"error","ts":"2025-07-18T20:30:26.919+0300","msg":"failed to parse JWT token","service":"middleware","details":"token has invalid claims: token is expired"}
{"level":"error","ts":"2025-07-18T20:30:29.701+0300","msg":"invalid session","service":"auth","details":"token has invalid claims: token is expired","sessionID":"eyJhbGciOiJIUzI1NiIsInR5cCI6IkpXVCJ9.eyJzZXNzaW9uSUQiOiI2ZmM3NmNlMS1mOTRmLTRlM2QtYTg4Yi0zMDAwMDg1MzU2ZmQiLCJleHAiOjE3NTI4NTk4MDEsImlhdCI6MTc1Mjg1OTIwMX0.rbeg6FyL6WkK7PVDQQrucxooS-YF6B5MvOsGGqClNDU"}
{"level":"info","ts":"2025-07-18T20:30:30.173+0300","msg":"page served successfully","service":"static","path":"/login","filename":"login.html"}
{"level":"info","ts":"2025-07-18T20:30:33.624+0300","msg":"crypto params sent successfully","service":"encryption","prime":"FFFFFFFFFFFFFFFFC90FDAA22168C234C4C6628B80DC1CD1","generator":"2"}
{"level":"info","ts":"2025-07-18T20:30:33.626+0300","msg":"shared key derived successfully","service":"encryption","key":"144206926389441119296476059320392677648013161658251217544"}
{"level":"info","ts":"2025-07-18T20:30:33.627+0300","msg":"crypto params sent successfully","service":"auth","server_pub":"2576270163484457276488456917466383026406232635877725485081"}
{"level":"info","ts":"2025-07-18T20:30:33.630+0300","msg":"data decrypted successfully","service":"encryption","length":"3"}
{"level":"info","ts":"2025-07-18T20:30:33.630+0300","msg":"data decrypted successfully","service":"encryption","length":"3"}
{"level":"info","ts":"2025-07-18T20:30:33.630+0300","msg":"data encrypted successfully","service":"encryption","length":"32"}
{"level":"info","ts":"2025-07-18T20:30:33.632+0300","msg":"user authenticated","service":"auth","userID":"3ac33a9e-7916-4c68-89bb-dd9dbe326ba7"}
{"level":"info","ts":"2025-07-18T20:30:33.640+0300","msg":"page served successfully","service":"static","path":"/","filename":"index.html"}
{"level":"info","ts":"2025-07-18T20:30:34.957+0300","msg":"page served successfully","service":"static","path":"/edit","filename":"edit.html"}
{"level":"info","ts":"2025-07-18T20:33:37.038+0300","msg":"page served successfully","service":"static","filename":"edit.html","path":"/edit"}
{"level":"info","ts":"2025-07-18T20:34:53.466+0300","msg":"page served successfully","service":"static","path":"/","filename":"index.html"}
{"level":"info","ts":"2025-07-18T20:46:43.511+0300","msg":"page served successfully","service":"static","filename":"index.html","path":"/"}
{"level":"error","ts":"2025-07-18T20:47:40.066+0300","msg":"failed to parse JWT token","service":"middleware","details":"token has invalid claims: token is expired"}
{"level":"error","ts":"2025-07-18T20:48:53.709+0300","msg":"invalid session","service":"auth","sessionID":"eyJhbGciOiJIUzI1NiIsInR5cCI6IkpXVCJ9.eyJzZXNzaW9uSUQiOiJkMGU2ZDI1OC0yNTk4LTQ4ZmEtYTAwMC1hOWZhZjUyN2I2NGUiLCJleHAiOjE3NTI4NjA0MzMsImlhdCI6MTc1Mjg1OTgzM30.uAtegfmcxmed4PKnf7q5djO-1pndOnPN_-6_QYg6E2Q","details":"token has invalid claims: token is expired"}
{"level":"info","ts":"2025-07-18T20:48:54.080+0300","msg":"page served successfully","service":"static","path":"/login","filename":"login.html"}
{"level":"info","ts":"2025-07-18T20:48:58.375+0300","msg":"crypto params sent successfully","service":"encryption","prime":"FFFFFFFFFFFFFFFFC90FDAA22168C234C4C6628B80DC1CD1","generator":"2"}
{"level":"info","ts":"2025-07-18T20:48:58.387+0300","msg":"shared key derived successfully","service":"encryption","key":"144206926389441119296476059320392677648013161658251217544"}
{"level":"info","ts":"2025-07-18T20:48:58.387+0300","msg":"crypto params sent successfully","service":"auth","server_pub":"2576270163484457276488456917466383026406232635877725485081"}
{"level":"info","ts":"2025-07-18T20:48:58.403+0300","msg":"data decrypted successfully","service":"encryption","length":"3"}
{"level":"info","ts":"2025-07-18T20:48:58.403+0300","msg":"data decrypted successfully","service":"encryption","length":"3"}
{"level":"info","ts":"2025-07-18T20:48:58.403+0300","msg":"data encrypted successfully","service":"encryption","length":"32"}
{"level":"info","ts":"2025-07-18T20:48:58.406+0300","msg":"user authenticated","service":"auth","userID":"3ac33a9e-7916-4c68-89bb-dd9dbe326ba7"}
{"level":"info","ts":"2025-07-18T20:48:58.421+0300","msg":"page served successfully","service":"static","path":"/","filename":"index.html"}
{"level":"info","ts":"2025-07-18T20:49:01.858+0300","msg":"page served successfully","service":"static","path":"/listing","filename":"listing.html"}
{"level":"info","ts":"2025-07-18T20:49:13.315+0300","msg":"page served successfully","service":"static","path":"/","filename":"index.html"}
{"level":"info","ts":"2025-07-18T20:49:35.992+0300","msg":"page served successfully","service":"static","path":"/","filename":"index.html"}
